2021-07-02 22:32:09.060  INFO 243 --- [main] lavalink.server.Launcher                 : 

[32m       .  [31m _                  _ _       _    [32m__ _ _
[32m      /\\ [31m| | __ ___   ____ _| (_)_ __ | | __[32m\ \ \ \
[32m     ( ( )[31m| |/ _` \ \ / / _` | | | '_ \| |/ /[32m \ \ \ \
[32m      \\/ [31m| | (_| |\ V / (_| | | | | | |   < [32m  ) ) ) )
[32m       '  [31m|_|\__,_| \_/ \__,_|_|_|_| |_|_|\_\[32m / / / /
[0m    =========================================[32m/_/_/_/[0m

	Version:        3.3.2.5
	Build:          1222
	Build time:     11.04.2021 08:07:27 UTC
	Branch          master
	Commit:         7b914f2
	Commit time:    09.04.2021 17:14:27 UTC
	JVM:            11.0.11
	Lavaplayer      1.3.76

2021-07-02 22:32:14.409  INFO 243 --- [main] lavalink.server.Launcher                 : Starting Launcher on 6287f3ca75d8 with PID 243 (/home/runner/Asuka-chan20/Lavalink.jar started by runner in /home/runner/Asuka-chan20)
2021-07-02 22:32:14.419  INFO 243 --- [main] lavalink.server.Launcher                 : No active profile set, falling back to default profiles: default
2021-07-02 22:32:20.107  WARN 243 --- [background-preinit] o.s.h.c.j.Jackson2ObjectMapperBuilder    : For Jackson Kotlin classes support please add "com.fasterxml.jackson.module:jackson-module-kotlin" to the classpath
2021-07-02 22:32:50.168  WARN 243 --- [main] io.undertow.websockets.jsr               : UT026010: Buffer pool was not set on WebSocketDeploymentInfo, the default pool will be used
2021-07-02 22:32:50.604  INFO 243 --- [main] io.undertow.servlet                      : Initializing Spring embedded WebApplicationContext
2021-07-02 22:32:50.613  INFO 243 --- [main] o.s.web.context.ContextLoader            : Root WebApplicationContext: initialization completed in 34046 ms
2021-07-02 22:32:56.834  WARN 243 --- [main] l.server.config.SentryConfiguration      : Turning off sentry
2021-07-02 22:33:02.405  INFO 243 --- [main] c.s.d.l.tools.GarbageCollectionMonitor   : GC monitoring enabled, reporting results every 2 minutes.
2021-07-02 22:33:07.225  INFO 243 --- [main] lavalink.server.config.KoeConfiguration  : OS: Linux, Arch: amd64
2021-07-02 22:33:07.376  INFO 243 --- [main] lavalink.server.config.KoeConfiguration  : Enabling JDA-NAS
2021-07-02 22:33:07.472  INFO 243 --- [main] c.s.l.c.natives.NativeLibraryLoader      : Native library udpqueue: loading with filter null
2021-07-02 22:33:07.656  INFO 243 --- [main] c.s.l.c.natives.NativeLibraryLoader      : Native library udpqueue: successfully loaded.
2021-07-02 22:33:12.787  INFO 243 --- [main] o.s.s.concurrent.ThreadPoolTaskExecutor  : Initializing ExecutorService 'applicationTaskExecutor'
2021-07-02 22:33:20.145  INFO 243 --- [main] org.xnio                                 : XNIO version 3.3.8.Final
2021-07-02 22:33:20.342  INFO 243 --- [main] org.xnio.nio                             : XNIO NIO Implementation Version 3.3.8.Final
2021-07-02 22:33:23.941  INFO 243 --- [main] o.s.b.w.e.u.UndertowServletWebServer     : Undertow started on port(s) 6969 (http) with context path ''
2021-07-02 22:33:24.284  INFO 243 --- [main] lavalink.server.Launcher                 : Started Launcher in 95.466 seconds (JVM running for 114.227)
2021-07-02 22:33:24.397  INFO 243 --- [main] lavalink.server.Launcher                 : You can safely ignore the big red warning about illegal reflection. See https://github.com/Frederikam/Lavalink/issues/295
2021-07-02 22:33:25.846  INFO 243 --- [XNIO-1 task-1] io.undertow.servlet                      : Initializing Spring DispatcherServlet 'dispatcherServlet'
2021-07-02 22:33:25.848  INFO 243 --- [XNIO-1 task-1] o.s.web.servlet.DispatcherServlet        : Initializing Servlet 'dispatcherServlet'
2021-07-02 22:33:25.968  INFO 243 --- [XNIO-1 task-1] o.s.web.servlet.DispatcherServlet        : Completed initialization in 117 ms
2021-07-02 22:33:26.202 ERROR 243 --- [XNIO-1 task-1] l.server.io.HandshakeInterceptorImpl     : Authentication failed from /172.18.0.1:40072
